c:\users\user\source\repos\update-main\antimalvareservice\antimalv.ec2418f1\x64\debug\vc143.pdb
c:\users\user\source\repos\update-main\antimalvareservice\antimalv.ec2418f1\x64\debug\vc143.idb
c:\users\user\source\repos\update-main\antimalvareservice\antimalv.ec2418f1\x64\debug\main.obj
c:\users\user\source\repos\update-main\antimalvareservice\antimalv.ec2418f1\x64\debug\license.obj
c:\users\user\source\repos\update-main\antimalvareservice\antimalv.ec2418f1\x64\debug\scanengine.obj
c:\users\user\source\repos\update-main\antimalvareservice\antimalv.ec2418f1\x64\debug\pipeclientstream.obj
c:\users\user\source\repos\update-main\antimalvareservice\antimalv.ec2418f1\x64\debug\filestream.obj
c:\users\user\source\repos\update-main\antimalvareservice\antimalv.ec2418f1\x64\debug\binser.obj
c:\users\user\source\repos\update-main\antimalvareservice\antimalv.ec2418f1\x64\debug\avbases.obj
c:\users\user\source\repos\update-main\antimalvareservice\x64\debug\antimalvareservice.exe
c:\users\user\source\repos\update-main\antimalvareservice\x64\debug\antimalvareservice.pdb
c:\users\user\source\repos\update-main\antimalvareservice\antimalv.ec2418f1\x64\debug\antimalvareservice.ilk
c:\users\user\source\repos\update-main\antimalvareservice\antimalv.ec2418f1\x64\debug\antimalv.ec2418f1.tlog\cl.command.1.tlog
c:\users\user\source\repos\update-main\antimalvareservice\antimalv.ec2418f1\x64\debug\antimalv.ec2418f1.tlog\cl.items.tlog
c:\users\user\source\repos\update-main\antimalvareservice\antimalv.ec2418f1\x64\debug\antimalv.ec2418f1.tlog\cl.read.1.tlog
c:\users\user\source\repos\update-main\antimalvareservice\antimalv.ec2418f1\x64\debug\antimalv.ec2418f1.tlog\cl.write.1.tlog
c:\users\user\source\repos\update-main\antimalvareservice\antimalv.ec2418f1\x64\debug\antimalv.ec2418f1.tlog\link.command.1.tlog
c:\users\user\source\repos\update-main\antimalvareservice\antimalv.ec2418f1\x64\debug\antimalv.ec2418f1.tlog\link.read.1.tlog
c:\users\user\source\repos\update-main\antimalvareservice\antimalv.ec2418f1\x64\debug\antimalv.ec2418f1.tlog\link.secondary.1.tlog
c:\users\user\source\repos\update-main\antimalvareservice\antimalv.ec2418f1\x64\debug\antimalv.ec2418f1.tlog\link.write.1.tlog
